<?xml version="1.0" encoding="UTF-8"?>
<robot generator="Robot 7.0 (Python 3.12.2 on win32)" generated="2024-06-01T21:31:36.813604" rpa="false" schemaversion="5">
<suite id="s1" name="TestCases" source="C:\Cyclos_project\PilotProject_Cyclos_Team1-5\TestCases">
<suite id="s1-s1" name="test invalidReceivePay" source="C:\Cyclos_project\PilotProject_Cyclos_Team1-5\TestCases\test_invalidReceivePay.robot">
<test id="s1-s1-t1" name="Validate Receive payment with data" line="19">
<kw name="Open the Browser with URL" owner="GenericResource" type="SETUP">
<kw name="Create Webdriver" owner="SeleniumLibrary">
<msg time="2024-06-01T21:31:38.890817" level="INFO">Creating an instance of the Chrome WebDriver.</msg>
<arg>${brower_name}</arg>
<doc>Creates an instance of Selenium WebDriver.</doc>
<status status="PASS" start="2024-06-01T21:31:38.890817" elapsed="2.314781"/>
</kw>
<kw name="Go To" owner="SeleniumLibrary">
<msg time="2024-06-01T21:31:41.205598" level="INFO">Opening url 'https://demo.cyclos.org/ui/home'</msg>
<arg>${url}</arg>
<doc>Navigates the current browser window to the provided ``url``.</doc>
<status status="PASS" start="2024-06-01T21:31:41.205598" elapsed="20.051752"/>
</kw>
<kw name="Maximize Browser Window" owner="SeleniumLibrary">
<doc>Maximizes current browser window.</doc>
<status status="PASS" start="2024-06-01T21:32:01.257350" elapsed="0.255477"/>
</kw>
<kw name="Set Selenium Implicit Wait" owner="SeleniumLibrary">
<arg>5</arg>
<doc>Sets the implicit wait value used by Selenium.</doc>
<status status="PASS" start="2024-06-01T21:32:01.512827" elapsed="0.004820"/>
</kw>
<status status="PASS" start="2024-06-01T21:31:38.886841" elapsed="22.630806"/>
</kw>
<kw name="Validate the Receive payment functionality with empty data">
<kw name="Go to Login Page" owner="HomeResource">
<kw name="Sleep" owner="BuiltIn">
<msg time="2024-06-01T21:32:06.521844" level="INFO">Slept 5 seconds.</msg>
<arg>5s</arg>
<doc>Pauses the test executed for the given time.</doc>
<status status="PASS" start="2024-06-01T21:32:01.520189" elapsed="5.001655"/>
</kw>
<kw name="Click Element" owner="SeleniumLibrary">
<msg time="2024-06-01T21:32:06.521844" level="INFO">Clicking element 'xpath:(//div[@class="ml-2"])[3]'.</msg>
<msg time="2024-06-01T21:32:11.733877" level="INFO" html="true">&lt;/td&gt;&lt;/tr&gt;&lt;tr&gt;&lt;td colspan="3"&gt;&lt;a href="selenium-screenshot-1.png"&gt;&lt;img src="selenium-screenshot-1.png" width="800px"&gt;&lt;/a&gt;</msg>
<msg time="2024-06-01T21:32:11.733877" level="FAIL">Element with locator 'xpath:(//div[@class="ml-2"])[3]' not found.</msg>
<arg>${login_btn}</arg>
<doc>Click the element identified by ``locator``.</doc>
<status status="FAIL" start="2024-06-01T21:32:06.521844" elapsed="5.217656">Element with locator 'xpath:(//div[@class="ml-2"])[3]' not found.</status>
</kw>
<status status="FAIL" start="2024-06-01T21:32:01.517647" elapsed="10.225393">Element with locator 'xpath:(//div[@class="ml-2"])[3]' not found.</status>
</kw>
<kw name="Fill the login form" owner="LoginResource">
<arg>dharun</arg>
<arg>1234</arg>
<status status="NOT RUN" start="2024-06-01T21:32:11.743732" elapsed="0.000000"/>
</kw>
<kw name="click the login button" owner="LoginResource">
<status status="NOT RUN" start="2024-06-01T21:32:11.743732" elapsed="0.000000"/>
</kw>
<kw name="Click the Banking Option" owner="HomeResource">
<status status="NOT RUN" start="2024-06-01T21:32:11.743732" elapsed="0.000000"/>
</kw>
<kw name="Verify the Banking page is displayed" owner="HomeResource">
<status status="NOT RUN" start="2024-06-01T21:32:11.746757" elapsed="0.000000"/>
</kw>
<kw name="Verify the Receive payment page" owner="ReceivePaymentResouce">
<status status="NOT RUN" start="2024-06-01T21:32:11.746757" elapsed="0.000000"/>
</kw>
<kw name="Fill the receive payment form with data" owner="ReceivePaymentResouce">
<arg>${blank_user}</arg>
<arg>${blank_amount}</arg>
<status status="NOT RUN" start="2024-06-01T21:32:11.746757" elapsed="0.000000"/>
</kw>
<kw name="Click the next button" owner="ReceivePaymentResouce">
<status status="NOT RUN" start="2024-06-01T21:32:11.746757" elapsed="0.000000"/>
</kw>
<kw name="verify user error message is displayed" owner="ReceivePaymentResouce">
<status status="NOT RUN" start="2024-06-01T21:32:11.750737" elapsed="0.000000"/>
</kw>
<kw name="verify amount error message is displayed" owner="ReceivePaymentResouce">
<status status="NOT RUN" start="2024-06-01T21:32:11.750737" elapsed="0.000000"/>
</kw>
<arg>blank_user=   </arg>
<arg>blank_amount=   </arg>
<arg>blank_description=  </arg>
<tag>invalid_Receive_payment</tag>
<doc>This checks the Receive payment functionality with empty data</doc>
<status status="FAIL" start="2024-06-01T21:32:01.517647" elapsed="10.233090">Element with locator 'xpath:(//div[@class="ml-2"])[3]' not found.</status>
</kw>
<kw name="Close Browser Session" owner="GenericResource" type="TEARDOWN">
<kw name="Close Browser" owner="SeleniumLibrary">
<doc>Closes the current browser.</doc>
<status status="PASS" start="2024-06-01T21:32:11.754895" elapsed="2.225686"/>
</kw>
<status status="PASS" start="2024-06-01T21:32:11.753754" elapsed="2.226827"/>
</kw>
<tag>smoke</tag>
<status status="FAIL" start="2024-06-01T21:31:38.878251" elapsed="35.102330">Element with locator 'xpath:(//div[@class="ml-2"])[3]' not found.</status>
</test>
<doc>This checks the Receive payment fubctionality</doc>
<status status="FAIL" start="2024-06-01T21:31:36.861436" elapsed="37.120859"/>
</suite>
<status status="FAIL" start="2024-06-01T21:31:36.835708" elapsed="37.146587"/>
</suite>
<statistics>
<total>
<stat pass="0" fail="1" skip="0">All Tests</stat>
</total>
<tag>
<stat pass="0" fail="1" skip="0">smoke</stat>
</tag>
<suite>
<stat pass="0" fail="1" skip="0" id="s1" name="TestCases">TestCases</stat>
<stat pass="0" fail="1" skip="0" id="s1-s1" name="test invalidReceivePay">TestCases.test invalidReceivePay</stat>
</suite>
</statistics>
<errors>
</errors>
</robot>
