<?xml version="1.0" encoding="UTF-8"?>
<robot generator="Robot 7.0 (Python 3.12.2 on win32)" generated="2024-06-01T21:29:30.946198" rpa="false" schemaversion="5">
<suite id="s1" name="TestCases" source="C:\Cyclos_project\PilotProject_Cyclos_Team1-5\TestCases">
<suite id="s1-s1" name="test Blankfields" source="C:\Cyclos_project\PilotProject_Cyclos_Team1-5\TestCases\test_Blankfields.robot">
<test id="s1-s1-t1" name="To validate payment to user functionality with blank fields" line="15">
<kw name="Open the Browser with URL" owner="GenericResource" type="SETUP">
<kw name="Create Webdriver" owner="SeleniumLibrary">
<msg time="2024-06-01T21:29:31.631059" level="INFO">Creating an instance of the Chrome WebDriver.</msg>
<arg>${brower_name}</arg>
<doc>Creates an instance of Selenium WebDriver.</doc>
<status status="PASS" start="2024-06-01T21:29:31.631059" elapsed="4.272257"/>
</kw>
<kw name="Go To" owner="SeleniumLibrary">
<msg time="2024-06-01T21:29:35.903316" level="INFO">Opening url 'https://demo.cyclos.org/ui/home'</msg>
<arg>${url}</arg>
<doc>Navigates the current browser window to the provided ``url``.</doc>
<status status="PASS" start="2024-06-01T21:29:35.903316" elapsed="4.522031"/>
</kw>
<kw name="Maximize Browser Window" owner="SeleniumLibrary">
<doc>Maximizes current browser window.</doc>
<status status="PASS" start="2024-06-01T21:29:40.430362" elapsed="0.814708"/>
</kw>
<kw name="Set Selenium Implicit Wait" owner="SeleniumLibrary">
<arg>5</arg>
<doc>Sets the implicit wait value used by Selenium.</doc>
<status status="PASS" start="2024-06-01T21:29:41.245070" elapsed="0.010039"/>
</kw>
<status status="PASS" start="2024-06-01T21:29:31.631059" elapsed="9.634167"/>
</kw>
<kw name="Go to Login Page" owner="HomeResource">
<kw name="Sleep" owner="BuiltIn">
<msg time="2024-06-01T21:29:46.269667" level="INFO">Slept 5 seconds.</msg>
<arg>5s</arg>
<doc>Pauses the test executed for the given time.</doc>
<status status="PASS" start="2024-06-01T21:29:41.265226" elapsed="5.004441"/>
</kw>
<kw name="Click Element" owner="SeleniumLibrary">
<msg time="2024-06-01T21:29:46.271184" level="INFO">Clicking element 'xpath:(//div[@class="ml-2"])[3]'.</msg>
<arg>${login_btn}</arg>
<doc>Click the element identified by ``locator``.</doc>
<status status="PASS" start="2024-06-01T21:29:46.269667" elapsed="1.557718"/>
</kw>
<status status="PASS" start="2024-06-01T21:29:41.265226" elapsed="6.562159"/>
</kw>
<kw name="Fill the login form" owner="LoginResource">
<kw name="Input Text" owner="SeleniumLibrary">
<msg time="2024-06-01T21:29:47.830982" level="INFO">Typing text 'Sanjay_stark' into text field 'css:input[placeholder="User"]'.</msg>
<arg>${username}</arg>
<arg>${user}</arg>
<doc>Types the given ``text`` into the text field identified by ``locator``.</doc>
<status status="PASS" start="2024-06-01T21:29:47.829431" elapsed="3.253973"/>
</kw>
<kw name="Input Password" owner="SeleniumLibrary">
<msg time="2024-06-01T21:29:51.084478" level="INFO">Typing password into text field 'css:input[placeholder="Password"]'.</msg>
<msg time="2024-06-01T21:29:51.701207" level="INFO">Temporally setting log level to: NONE</msg>
<arg>${password}</arg>
<arg>${pass}</arg>
<doc>Types the given password into the text field identified by ``locator``.</doc>
<status status="PASS" start="2024-06-01T21:29:51.083925" elapsed="2.120527"/>
</kw>
<arg>Sanjay_stark</arg>
<arg>Sanjay</arg>
<status status="PASS" start="2024-06-01T21:29:47.827385" elapsed="5.377067"/>
</kw>
<kw name="click the login button" owner="LoginResource">
<kw name="Click Button" owner="SeleniumLibrary">
<msg time="2024-06-01T21:29:53.209506" level="INFO">Clicking button 'xpath://button[@class="btn d-flex justify-content-center align-items-center w-100 h-100 btn-primary btn-action-primary"]'.</msg>
<arg>${submit_btn}</arg>
<doc>Clicks the button identified by ``locator``.</doc>
<status status="PASS" start="2024-06-01T21:29:53.209506" elapsed="1.763594"/>
</kw>
<status status="PASS" start="2024-06-01T21:29:53.204452" elapsed="1.769665"/>
</kw>
<kw name="Click on the Banking button" owner="HomeResource">
<kw name="Wait Until Element Is Visible" owner="SeleniumLibrary">
<arg>${Banking}</arg>
<doc>Waits until the element ``locator`` is visible.</doc>
<status status="PASS" start="2024-06-01T21:29:54.978670" elapsed="1.293288"/>
</kw>
<kw name="Click Element" owner="SeleniumLibrary">
<msg time="2024-06-01T21:29:56.275505" level="INFO">Clicking element 'xpath://div[text()='Banking']'.</msg>
<arg>${Banking}</arg>
<doc>Click the element identified by ``locator``.</doc>
<status status="PASS" start="2024-06-01T21:29:56.271958" elapsed="2.737454"/>
</kw>
<status status="PASS" start="2024-06-01T21:29:54.974117" elapsed="4.035295"/>
</kw>
<kw name="verify the Banking page open" owner="PaymentUser">
<kw name="Wait Until Element Is Visible" owner="SeleniumLibrary">
<arg>${Banking_title}</arg>
<doc>Waits until the element ``locator`` is visible.</doc>
<status status="PASS" start="2024-06-01T21:29:59.017429" elapsed="2.895437"/>
</kw>
<kw name="Element Text Should Be" owner="SeleniumLibrary">
<msg time="2024-06-01T21:30:01.912866" level="INFO">Verifying element 'xpath://div[@class="side-menu-header"]//following-sibling::div' contains exact text 'Banking'.</msg>
<arg>${Banking_title}</arg>
<arg>Banking</arg>
<doc>Verifies that element ``locator`` contains exact the text ``expected``.</doc>
<status status="PASS" start="2024-06-01T21:30:01.912866" elapsed="0.355964"/>
</kw>
<status status="PASS" start="2024-06-01T21:29:59.009412" elapsed="3.259418"/>
</kw>
<kw name="Select the option payment to user" owner="PaymentUser">
<kw name="Wait Until Element Is Visible" owner="SeleniumLibrary">
<arg>${select_payment_to_user}</arg>
<doc>Waits until the element ``locator`` is visible.</doc>
<status status="PASS" start="2024-06-01T21:30:02.268830" elapsed="0.402084"/>
</kw>
<kw name="Click Element" owner="SeleniumLibrary">
<msg time="2024-06-01T21:30:02.683511" level="INFO">Clicking element 'xpath://div[text()="Payment to user"]'.</msg>
<arg>${select_payment_to_user}</arg>
<doc>Click the element identified by ``locator``.</doc>
<status status="PASS" start="2024-06-01T21:30:02.678934" elapsed="0.536165"/>
</kw>
<status status="PASS" start="2024-06-01T21:30:02.268830" elapsed="0.946269"/>
</kw>
<kw name="verify the payment to user page open" owner="PaymentUser">
<kw name="Element Text Should Be" owner="SeleniumLibrary">
<msg time="2024-06-01T21:30:03.220626" level="INFO">Verifying element 'xpath://div[@class="content-title d-flex"]//div' contains exact text 'Payment to user'.</msg>
<arg>${payment_user_title}</arg>
<arg>Payment to user</arg>
<doc>Verifies that element ``locator`` contains exact the text ``expected``.</doc>
<status status="PASS" start="2024-06-01T21:30:03.220626" elapsed="1.086860"/>
</kw>
<status status="PASS" start="2024-06-01T21:30:03.220626" elapsed="1.086860"/>
</kw>
<kw name="Click the next Button in payment page" owner="PaymentUser">
<kw name="Wait Until Element Is Visible" owner="SeleniumLibrary">
<arg>${next}</arg>
<doc>Waits until the element ``locator`` is visible.</doc>
<status status="PASS" start="2024-06-01T21:30:04.307486" elapsed="0.423821"/>
</kw>
<kw name="Click Element" owner="SeleniumLibrary">
<msg time="2024-06-01T21:30:04.731307" level="INFO">Clicking element 'xpath://action-button[@class="d-inline-block button"]/button'.</msg>
<arg>${next}</arg>
<doc>Click the element identified by ``locator``.</doc>
<status status="PASS" start="2024-06-01T21:30:04.731307" elapsed="0.636996"/>
</kw>
<status status="PASS" start="2024-06-01T21:30:04.307486" elapsed="1.060817"/>
</kw>
<kw name="verify the error message for user to field is given blank" owner="PaymentUser">
<kw name="Wait Until Element Is Visible" owner="SeleniumLibrary">
<arg>${to_user_error_msg}</arg>
<doc>Waits until the element ``locator`` is visible.</doc>
<status status="PASS" start="2024-06-01T21:30:05.368303" elapsed="0.114583"/>
</kw>
<kw name="Element Text Should Be" owner="SeleniumLibrary">
<msg time="2024-06-01T21:30:05.482886" level="INFO">Verifying element 'xpath:(//field-errors)[1]//div' contains exact text 'This field is required'.</msg>
<arg>${to_user_error_msg}</arg>
<arg>This field is required</arg>
<doc>Verifies that element ``locator`` contains exact the text ``expected``.</doc>
<status status="PASS" start="2024-06-01T21:30:05.482886" elapsed="0.316487"/>
</kw>
<status status="PASS" start="2024-06-01T21:30:05.368303" elapsed="0.431070"/>
</kw>
<kw name="verify the error message for amount field is given blank" owner="PaymentUser">
<kw name="Wait Until Element Is Visible" owner="SeleniumLibrary">
<arg>${amount_error_msg}</arg>
<doc>Waits until the element ``locator`` is visible.</doc>
<status status="PASS" start="2024-06-01T21:30:05.799373" elapsed="0.348047"/>
</kw>
<kw name="Element Text Should Be" owner="SeleniumLibrary">
<msg time="2024-06-01T21:30:06.147420" level="INFO">Verifying element 'xpath:(//field-errors)[2]//div' contains exact text 'This field is required'.</msg>
<arg>${amount_error_msg}</arg>
<arg>This field is required</arg>
<doc>Verifies that element ``locator`` contains exact the text ``expected``.</doc>
<status status="PASS" start="2024-06-01T21:30:06.147420" elapsed="0.094664"/>
</kw>
<status status="PASS" start="2024-06-01T21:30:05.799373" elapsed="0.442711"/>
</kw>
<kw name="Close Browser Session" owner="GenericResource" type="TEARDOWN">
<kw name="Close Browser" owner="SeleniumLibrary">
<doc>Closes the current browser.</doc>
<status status="PASS" start="2024-06-01T21:30:06.250105" elapsed="2.636642"/>
</kw>
<status status="PASS" start="2024-06-01T21:30:06.242084" elapsed="2.644663"/>
</kw>
<doc>To validate payment with all the fields are gievn blank</doc>
<tag>Smoke</tag>
<status status="PASS" start="2024-06-01T21:29:31.631059" elapsed="37.255688"/>
</test>
<doc>To validate Banking - payment to user Functionality</doc>
<status status="PASS" start="2024-06-01T21:29:31.033873" elapsed="37.852874"/>
</suite>
<status status="PASS" start="2024-06-01T21:29:30.983478" elapsed="37.908151"/>
</suite>
<statistics>
<total>
<stat pass="1" fail="0" skip="0">All Tests</stat>
</total>
<tag>
<stat pass="1" fail="0" skip="0">Smoke</stat>
</tag>
<suite>
<stat pass="1" fail="0" skip="0" id="s1" name="TestCases">TestCases</stat>
<stat pass="1" fail="0" skip="0" id="s1-s1" name="test Blankfields">TestCases.test Blankfields</stat>
</suite>
</statistics>
<errors>
</errors>
</robot>
