<?xml version="1.0" encoding="UTF-8"?>
<robot generator="Robot 7.0 (Python 3.12.2 on win32)" generated="2024-05-28T11:33:37.473243" rpa="false" schemaversion="5">
<suite id="s1" name="PilotProject Cyclos Team1-1" source="E:\PilotProject_Cyclos_Team1-1">
<suite id="s1-s1" name="TestCases" source="E:\PilotProject_Cyclos_Team1-1\TestCases">
<suite id="s1-s1-s1" name="test invalidLogin" source="E:\PilotProject_Cyclos_Team1-1\TestCases\test_invalidLogin.robot">
<test id="s1-s1-s1-t1" name="inValid Login Test" line="13">
<kw name="Open the Browser with URL" owner="GenericResource" type="SETUP">
<kw name="Create Webdriver" owner="SeleniumLibrary">
<msg time="2024-05-28T11:33:42.752774" level="INFO">Creating an instance of the Chrome WebDriver.</msg>
<arg>${brower_name}</arg>
<doc>Creates an instance of Selenium WebDriver.</doc>
<status status="PASS" start="2024-05-28T11:33:42.752774" elapsed="3.754717"/>
</kw>
<kw name="Go To" owner="SeleniumLibrary">
<msg time="2024-05-28T11:33:46.508487" level="INFO">Opening url 'https://demo.cyclos.org/ui/home'</msg>
<arg>${url}</arg>
<doc>Navigates the current browser window to the provided ``url``.</doc>
<status status="PASS" start="2024-05-28T11:33:46.507491" elapsed="2.217410"/>
</kw>
<kw name="Maximize Browser Window" owner="SeleniumLibrary">
<doc>Maximizes current browser window.</doc>
<status status="PASS" start="2024-05-28T11:33:48.725898" elapsed="0.028784"/>
</kw>
<kw name="Set Selenium Implicit Wait" owner="SeleniumLibrary">
<arg>5</arg>
<doc>Sets the implicit wait value used by Selenium.</doc>
<status status="PASS" start="2024-05-28T11:33:48.754682" elapsed="0.000996"/>
</kw>
<status status="PASS" start="2024-05-28T11:33:42.749031" elapsed="6.007645"/>
</kw>
<kw name="Invalid Login Test">
<kw name="Go to Login Page" owner="HomeResource">
<kw name="Sleep" owner="BuiltIn">
<msg time="2024-05-28T11:33:53.758110" level="INFO">Slept 5 seconds.</msg>
<arg>5s</arg>
<doc>Pauses the test executed for the given time.</doc>
<status status="PASS" start="2024-05-28T11:33:48.757672" elapsed="5.000438"/>
</kw>
<kw name="Click Element" owner="SeleniumLibrary">
<msg time="2024-05-28T11:33:53.759615" level="INFO">Clicking element 'xpath:(//div[@class="ml-2"])[3]'.</msg>
<arg>${login_btn}</arg>
<doc>Click the element identified by ``locator``.</doc>
<status status="PASS" start="2024-05-28T11:33:53.758110" elapsed="0.148838"/>
</kw>
<status status="PASS" start="2024-05-28T11:33:48.757672" elapsed="5.150582"/>
</kw>
<kw name="Fill the login form" owner="LoginResource">
<kw name="Input Text" owner="SeleniumLibrary">
<msg time="2024-05-28T11:33:53.909257" level="INFO">Typing text 'SandhiyaS' into text field 'css:input[placeholder="User"]'.</msg>
<arg>${username}</arg>
<arg>${user}</arg>
<doc>Types the given ``text`` into the text field identified by ``locator``.</doc>
<status status="PASS" start="2024-05-28T11:33:53.909257" elapsed="0.151616"/>
</kw>
<kw name="Input Password" owner="SeleniumLibrary">
<msg time="2024-05-28T11:33:54.061914" level="INFO">Typing password into text field 'css:input[placeholder="Password"]'.</msg>
<msg time="2024-05-28T11:33:54.114808" level="INFO">Temporally setting log level to: NONE</msg>
<arg>${password}</arg>
<arg>${pass}</arg>
<doc>Types the given password into the text field identified by ``locator``.</doc>
<status status="PASS" start="2024-05-28T11:33:54.060873" elapsed="0.141233"/>
</kw>
<arg>${Username}</arg>
<arg>${Password}</arg>
<status status="PASS" start="2024-05-28T11:33:53.908254" elapsed="0.295295"/>
</kw>
<kw name="click the login button" owner="LoginResource">
<kw name="Click Button" owner="SeleniumLibrary">
<msg time="2024-05-28T11:33:54.204830" level="INFO">Clicking button 'xpath://button[@class="btn d-flex justify-content-center align-items-center w-100 h-100 btn-primary btn-action-primary"]'.</msg>
<arg>${submit_btn}</arg>
<doc>Clicks the button identified by ``locator``.</doc>
<status status="PASS" start="2024-05-28T11:33:54.203549" elapsed="0.116986"/>
</kw>
<status status="PASS" start="2024-05-28T11:33:54.203549" elapsed="0.116986"/>
</kw>
<kw name="check the error message" owner="LoginResource">
<kw name="Wait Until Element Is Visible" owner="SeleniumLibrary">
<arg>${alert}</arg>
<doc>Waits until the element ``locator`` is visible.</doc>
<status status="PASS" start="2024-05-28T11:33:54.321924" elapsed="0.715367"/>
</kw>
<kw name="Element Text Should Be" owner="SeleniumLibrary">
<msg time="2024-05-28T11:33:55.040047" level="INFO">Verifying element 'css:div[class="notification-message"]' contains exact text 'The given name / password are incorrect. Please, try again.'.</msg>
<arg>${alert}</arg>
<arg>The given name / password are incorrect. Please, try again.</arg>
<doc>Verifies that element ``locator`` contains exact the text ``expected``.</doc>
<status status="PASS" start="2024-05-28T11:33:55.038848" elapsed="0.292501"/>
</kw>
<status status="PASS" start="2024-05-28T11:33:54.320535" elapsed="1.010814"/>
</kw>
<arg>Username=SandhiyaS</arg>
<arg>Password=Sand</arg>
<status status="PASS" start="2024-05-28T11:33:48.756676" elapsed="6.574673"/>
</kw>
<kw name="Close Browser Session" owner="GenericResource" type="TEARDOWN">
<kw name="Close Browser" owner="SeleniumLibrary">
<doc>Closes the current browser.</doc>
<status status="PASS" start="2024-05-28T11:33:55.332345" elapsed="4.054281"/>
</kw>
<status status="PASS" start="2024-05-28T11:33:55.332345" elapsed="4.054281"/>
</kw>
<status status="PASS" start="2024-05-28T11:33:42.745571" elapsed="16.641055"/>
</test>
<test id="s1-s1-s1-t2" name="inValid Login Test" line="13">
<kw name="Open the Browser with URL" owner="GenericResource" type="SETUP">
<kw name="Create Webdriver" owner="SeleniumLibrary">
<msg time="2024-05-28T11:33:59.392608" level="INFO">Creating an instance of the Chrome WebDriver.</msg>
<arg>${brower_name}</arg>
<doc>Creates an instance of Selenium WebDriver.</doc>
<status status="PASS" start="2024-05-28T11:33:59.392608" elapsed="5.403082"/>
</kw>
<kw name="Go To" owner="SeleniumLibrary">
<msg time="2024-05-28T11:34:04.796686" level="INFO">Opening url 'https://demo.cyclos.org/ui/home'</msg>
<arg>${url}</arg>
<doc>Navigates the current browser window to the provided ``url``.</doc>
<status status="PASS" start="2024-05-28T11:34:04.795690" elapsed="0.899785"/>
</kw>
<kw name="Maximize Browser Window" owner="SeleniumLibrary">
<doc>Maximizes current browser window.</doc>
<status status="PASS" start="2024-05-28T11:34:05.695475" elapsed="1.502081"/>
</kw>
<kw name="Set Selenium Implicit Wait" owner="SeleniumLibrary">
<arg>5</arg>
<doc>Sets the implicit wait value used by Selenium.</doc>
<status status="PASS" start="2024-05-28T11:34:07.197556" elapsed="0.014695"/>
</kw>
<status status="PASS" start="2024-05-28T11:33:59.390613" elapsed="7.821638"/>
</kw>
<kw name="Invalid Login Test">
<kw name="Go to Login Page" owner="HomeResource">
<kw name="Sleep" owner="BuiltIn">
<msg time="2024-05-28T11:34:12.215151" level="INFO">Slept 5 seconds.</msg>
<arg>5s</arg>
<doc>Pauses the test executed for the given time.</doc>
<status status="PASS" start="2024-05-28T11:34:07.213248" elapsed="5.001903"/>
</kw>
<kw name="Click Element" owner="SeleniumLibrary">
<msg time="2024-05-28T11:34:12.216153" level="INFO">Clicking element 'xpath:(//div[@class="ml-2"])[3]'.</msg>
<arg>${login_btn}</arg>
<doc>Click the element identified by ``locator``.</doc>
<status status="PASS" start="2024-05-28T11:34:12.215151" elapsed="0.216758"/>
</kw>
<status status="PASS" start="2024-05-28T11:34:07.213248" elapsed="5.218661"/>
</kw>
<kw name="Fill the login form" owner="LoginResource">
<kw name="Input Text" owner="SeleniumLibrary">
<msg time="2024-05-28T11:34:12.434075" level="INFO">Typing text 'Sahana123' into text field 'css:input[placeholder="User"]'.</msg>
<arg>${username}</arg>
<arg>${user}</arg>
<doc>Types the given ``text`` into the text field identified by ``locator``.</doc>
<status status="PASS" start="2024-05-28T11:34:12.434075" elapsed="0.240704"/>
</kw>
<kw name="Input Password" owner="SeleniumLibrary">
<msg time="2024-05-28T11:34:12.675780" level="INFO">Typing password into text field 'css:input[placeholder="Password"]'.</msg>
<msg time="2024-05-28T11:34:12.723852" level="INFO">Temporally setting log level to: NONE</msg>
<arg>${password}</arg>
<arg>${pass}</arg>
<doc>Types the given password into the text field identified by ``locator``.</doc>
<status status="PASS" start="2024-05-28T11:34:12.675780" elapsed="0.125367"/>
</kw>
<arg>${Username}</arg>
<arg>${Password}</arg>
<status status="PASS" start="2024-05-28T11:34:12.432912" elapsed="0.368235"/>
</kw>
<kw name="click the login button" owner="LoginResource">
<kw name="Click Button" owner="SeleniumLibrary">
<msg time="2024-05-28T11:34:12.802468" level="INFO">Clicking button 'xpath://button[@class="btn d-flex justify-content-center align-items-center w-100 h-100 btn-primary btn-action-primary"]'.</msg>
<arg>${submit_btn}</arg>
<doc>Clicks the button identified by ``locator``.</doc>
<status status="PASS" start="2024-05-28T11:34:12.802468" elapsed="0.108402"/>
</kw>
<status status="PASS" start="2024-05-28T11:34:12.801147" elapsed="0.109723"/>
</kw>
<kw name="check the error message" owner="LoginResource">
<kw name="Wait Until Element Is Visible" owner="SeleniumLibrary">
<arg>${alert}</arg>
<doc>Waits until the element ``locator`` is visible.</doc>
<status status="PASS" start="2024-05-28T11:34:12.912871" elapsed="0.549817"/>
</kw>
<kw name="Element Text Should Be" owner="SeleniumLibrary">
<msg time="2024-05-28T11:34:13.463684" level="INFO">Verifying element 'css:div[class="notification-message"]' contains exact text 'The given name / password are incorrect. Please, try again.'.</msg>
<arg>${alert}</arg>
<arg>The given name / password are incorrect. Please, try again.</arg>
<doc>Verifies that element ``locator`` contains exact the text ``expected``.</doc>
<status status="PASS" start="2024-05-28T11:34:13.463684" elapsed="0.027443"/>
</kw>
<status status="PASS" start="2024-05-28T11:34:12.910870" elapsed="0.581531"/>
</kw>
<arg>Username=Sahana123</arg>
<arg>Password=sana13</arg>
<status status="PASS" start="2024-05-28T11:34:07.212251" elapsed="6.280150"/>
</kw>
<kw name="Close Browser Session" owner="GenericResource" type="TEARDOWN">
<kw name="Close Browser" owner="SeleniumLibrary">
<doc>Closes the current browser.</doc>
<status status="PASS" start="2024-05-28T11:34:13.493407" elapsed="2.413259"/>
</kw>
<status status="PASS" start="2024-05-28T11:34:13.492401" elapsed="2.414265"/>
</kw>
<status status="PASS" start="2024-05-28T11:33:59.388620" elapsed="16.519074"/>
</test>
<doc>Test to Login Page</doc>
<status status="PASS" start="2024-05-28T11:33:37.516085" elapsed="38.392598"/>
</suite>
<status status="PASS" start="2024-05-28T11:33:37.514846" elapsed="38.398821"/>
</suite>
<status status="PASS" start="2024-05-28T11:33:37.490415" elapsed="38.425314"/>
</suite>
<statistics>
<total>
<stat pass="2" fail="0" skip="0">All Tests</stat>
</total>
<tag>
</tag>
<suite>
<stat pass="2" fail="0" skip="0" id="s1" name="PilotProject Cyclos Team1-1">PilotProject Cyclos Team1-1</stat>
<stat pass="2" fail="0" skip="0" id="s1-s1" name="TestCases">PilotProject Cyclos Team1-1.TestCases</stat>
<stat pass="2" fail="0" skip="0" id="s1-s1-s1" name="test invalidLogin">PilotProject Cyclos Team1-1.TestCases.test invalidLogin</stat>
</suite>
</statistics>
<errors>
<msg time="2024-05-28T11:33:59.387622" level="WARN">Multiple tests with name 'inValid Login Test' executed in suite 'PilotProject Cyclos Team1-1.TestCases.test invalidLogin'.</msg>
</errors>
</robot>
