<?xml version="1.0" encoding="UTF-8"?>
<robot generator="Robot 7.0 (Python 3.12.2 on win32)" generated="2024-05-28T11:34:45.245614" rpa="false" schemaversion="5">
<suite id="s1" name="PilotProject Cyclos Team1-1" source="E:\PilotProject_Cyclos_Team1-1">
<suite id="s1-s1" name="TestCases" source="E:\PilotProject_Cyclos_Team1-1\TestCases">
<suite id="s1-s1-s1" name="test validReceivePay" source="E:\PilotProject_Cyclos_Team1-1\TestCases\test_validReceivePay.robot">
<test id="s1-s1-s1-t1" name="Validate Receive payment with valid data" line="18">
<kw name="Open the Browser with URL" owner="GenericResource" type="SETUP">
<kw name="Create Webdriver" owner="SeleniumLibrary">
<msg time="2024-05-28T11:34:48.050417" level="INFO">Creating an instance of the Chrome WebDriver.</msg>
<arg>${brower_name}</arg>
<doc>Creates an instance of Selenium WebDriver.</doc>
<status status="PASS" start="2024-05-28T11:34:48.049369" elapsed="3.357090"/>
</kw>
<kw name="Go To" owner="SeleniumLibrary">
<msg time="2024-05-28T11:34:51.407638" level="INFO">Opening url 'https://demo.cyclos.org/ui/home'</msg>
<arg>${url}</arg>
<doc>Navigates the current browser window to the provided ``url``.</doc>
<status status="PASS" start="2024-05-28T11:34:51.406459" elapsed="2.178649"/>
</kw>
<kw name="Maximize Browser Window" owner="SeleniumLibrary">
<doc>Maximizes current browser window.</doc>
<status status="PASS" start="2024-05-28T11:34:53.586328" elapsed="0.032839"/>
</kw>
<kw name="Set Selenium Implicit Wait" owner="SeleniumLibrary">
<arg>5</arg>
<doc>Sets the implicit wait value used by Selenium.</doc>
<status status="PASS" start="2024-05-28T11:34:53.620621" elapsed="0.001001"/>
</kw>
<status status="PASS" start="2024-05-28T11:34:48.042876" elapsed="5.578746"/>
</kw>
<kw name="Validate the Receive payment functionality with valid data">
<kw name="click the login button" owner="LoginResource">
<kw name="Click Button" owner="SeleniumLibrary">
<msg time="2024-05-28T11:34:53.625892" level="INFO">Clicking button 'xpath://button[@class="btn d-flex justify-content-center align-items-center w-100 h-100 btn-primary btn-action-primary"]'.</msg>
<msg time="2024-05-28T11:35:03.776719" level="INFO" html="true">&lt;/td&gt;&lt;/tr&gt;&lt;tr&gt;&lt;td colspan="3"&gt;&lt;a href="selenium-screenshot-1.png"&gt;&lt;img src="selenium-screenshot-1.png" width="800px"&gt;&lt;/a&gt;</msg>
<msg time="2024-05-28T11:35:03.776719" level="FAIL">Button with locator 'xpath://button[@class="btn d-flex justify-content-center align-items-center w-100 h-100 btn-primary btn-action-primary"]' not found.</msg>
<arg>${submit_btn}</arg>
<doc>Clicks the button identified by ``locator``.</doc>
<status status="FAIL" start="2024-05-28T11:34:53.624900" elapsed="10.155219">Button with locator 'xpath://button[@class="btn d-flex justify-content-center align-items-center w-100 h-100 btn-primary btn-action-primary"]' not found.</status>
</kw>
<status status="FAIL" start="2024-05-28T11:34:53.622899" elapsed="10.157220">Button with locator 'xpath://button[@class="btn d-flex justify-content-center align-items-center w-100 h-100 btn-primary btn-action-primary"]' not found.</status>
</kw>
<kw name="Fill the login form" owner="LoginResource">
<arg>sandhiyas</arg>
<arg>Sand@123</arg>
<status status="NOT RUN" start="2024-05-28T11:35:03.781626" elapsed="0.000000"/>
</kw>
<kw name="click the login button" owner="LoginResource">
<status status="NOT RUN" start="2024-05-28T11:35:03.782632" elapsed="0.000000"/>
</kw>
<kw name="Click the Banking Option" owner="HomeResource">
<status status="NOT RUN" start="2024-05-28T11:35:03.782632" elapsed="0.000000"/>
</kw>
<kw name="Verify the Banking page is displayed" owner="HomeResource">
<status status="NOT RUN" start="2024-05-28T11:35:03.783628" elapsed="0.000000"/>
</kw>
<kw name="Verify the Receive payment page" owner="ReceivePaymentResouce">
<status status="NOT RUN" start="2024-05-28T11:35:03.783628" elapsed="0.000000"/>
</kw>
<kw name="Fill the receive payment form with data" owner="ReceivePaymentResouce">
<arg>${user}</arg>
<arg>${amount}</arg>
<arg>${description}</arg>
<status status="NOT RUN" start="2024-05-28T11:35:03.783628" elapsed="0.000000"/>
</kw>
<kw name="Verify the confirmation page is displayed" owner="ReceivePaymentResouce">
<status status="NOT RUN" start="2024-05-28T11:35:03.784624" elapsed="0.000000"/>
</kw>
<arg>user=demo</arg>
<arg>amount=100</arg>
<arg>description=Receive payment from users</arg>
<tag>valid_Receive_payment</tag>
<doc>This checks the Receive payment functionality with valid data</doc>
<status status="FAIL" start="2024-05-28T11:34:53.622899" elapsed="10.161725">Button with locator 'xpath://button[@class="btn d-flex justify-content-center align-items-center w-100 h-100 btn-primary btn-action-primary"]' not found.</status>
</kw>
<kw name="Close Browser Session" owner="GenericResource" type="TEARDOWN">
<kw name="Close Browser" owner="SeleniumLibrary">
<doc>Closes the current browser.</doc>
<status status="PASS" start="2024-05-28T11:35:03.785622" elapsed="2.329628"/>
</kw>
<status status="PASS" start="2024-05-28T11:35:03.784624" elapsed="2.330626"/>
</kw>
<status status="FAIL" start="2024-05-28T11:34:48.040361" elapsed="18.074889">Button with locator 'xpath://button[@class="btn d-flex justify-content-center align-items-center w-100 h-100 btn-primary btn-action-primary"]' not found.</status>
</test>
<doc>This checks the Receive payment fubctionality</doc>
<status status="FAIL" start="2024-05-28T11:34:45.329443" elapsed="20.787800"/>
</suite>
<status status="FAIL" start="2024-05-28T11:34:45.325803" elapsed="20.792675"/>
</suite>
<status status="FAIL" start="2024-05-28T11:34:45.273915" elapsed="20.845844"/>
</suite>
<statistics>
<total>
<stat pass="0" fail="1" skip="0">All Tests</stat>
</total>
<tag>
</tag>
<suite>
<stat pass="0" fail="1" skip="0" id="s1" name="PilotProject Cyclos Team1-1">PilotProject Cyclos Team1-1</stat>
<stat pass="0" fail="1" skip="0" id="s1-s1" name="TestCases">PilotProject Cyclos Team1-1.TestCases</stat>
<stat pass="0" fail="1" skip="0" id="s1-s1-s1" name="test validReceivePay">PilotProject Cyclos Team1-1.TestCases.test validReceivePay</stat>
</suite>
</statistics>
<errors>
</errors>
</robot>
