<?xml version="1.0" encoding="UTF-8"?>
<robot generator="Robot 7.0 (Python 3.12.2 on win32)" generated="2024-06-01T21:29:31.058049" rpa="false" schemaversion="5">
<suite id="s1" name="TestCases" source="C:\Cyclos_project\PilotProject_Cyclos_Team1-5\TestCases">
<suite id="s1-s1" name="Test Payment To User" source="C:\Cyclos_project\PilotProject_Cyclos_Team1-5\TestCases\test_payment_to_user.robot">
<test id="s1-s1-t1" name="To validate payment" line="20">
<kw name="Open the Browser with URL" owner="GenericResource" type="SETUP">
<kw name="Create Webdriver" owner="SeleniumLibrary">
<msg time="2024-06-01T21:29:33.267871" level="INFO">Creating an instance of the Chrome WebDriver.</msg>
<arg>${brower_name}</arg>
<doc>Creates an instance of Selenium WebDriver.</doc>
<status status="PASS" start="2024-06-01T21:29:33.262854" elapsed="6.959011"/>
</kw>
<kw name="Go To" owner="SeleniumLibrary">
<msg time="2024-06-01T21:29:40.228910" level="INFO">Opening url 'https://demo.cyclos.org/ui/home'</msg>
<arg>${url}</arg>
<doc>Navigates the current browser window to the provided ``url``.</doc>
<status status="PASS" start="2024-06-01T21:29:40.221865" elapsed="2.527144"/>
</kw>
<kw name="Maximize Browser Window" owner="SeleniumLibrary">
<doc>Maximizes current browser window.</doc>
<status status="PASS" start="2024-06-01T21:29:42.749009" elapsed="2.553710"/>
</kw>
<kw name="Set Selenium Implicit Wait" owner="SeleniumLibrary">
<arg>5</arg>
<doc>Sets the implicit wait value used by Selenium.</doc>
<status status="PASS" start="2024-06-01T21:29:45.308347" elapsed="0.008084"/>
</kw>
<status status="PASS" start="2024-06-01T21:29:33.262854" elapsed="12.053577"/>
</kw>
<kw name="To validate payment to user functionality with valid amount">
<kw name="Go to Login Page" owner="HomeResource">
<kw name="Sleep" owner="BuiltIn">
<msg time="2024-06-01T21:29:50.325193" level="INFO">Slept 5 seconds.</msg>
<arg>5s</arg>
<doc>Pauses the test executed for the given time.</doc>
<status status="PASS" start="2024-06-01T21:29:45.322611" elapsed="5.002582"/>
</kw>
<kw name="Click Element" owner="SeleniumLibrary">
<msg time="2024-06-01T21:29:50.326592" level="INFO">Clicking element 'xpath:(//div[@class="ml-2"])[3]'.</msg>
<arg>${login_btn}</arg>
<doc>Click the element identified by ``locator``.</doc>
<status status="PASS" start="2024-06-01T21:29:50.325193" elapsed="1.230832"/>
</kw>
<status status="PASS" start="2024-06-01T21:29:45.321033" elapsed="6.234992"/>
</kw>
<kw name="Fill the login form" owner="LoginResource">
<kw name="Input Text" owner="SeleniumLibrary">
<msg time="2024-06-01T21:29:51.560011" level="INFO">Typing text 'sandhiyas' into text field 'css:input[placeholder="User"]'.</msg>
<arg>${username}</arg>
<arg>${user}</arg>
<doc>Types the given ``text`` into the text field identified by ``locator``.</doc>
<status status="PASS" start="2024-06-01T21:29:51.558491" elapsed="1.844684"/>
</kw>
<kw name="Input Password" owner="SeleniumLibrary">
<msg time="2024-06-01T21:29:53.410475" level="INFO">Typing password into text field 'css:input[placeholder="Password"]'.</msg>
<msg time="2024-06-01T21:29:54.038674" level="INFO">Temporally setting log level to: NONE</msg>
<arg>${password}</arg>
<arg>${pass}</arg>
<doc>Types the given password into the text field identified by ``locator``.</doc>
<status status="PASS" start="2024-06-01T21:29:53.404726" elapsed="1.469501"/>
</kw>
<arg>sandhiyas</arg>
<arg>Sand@123</arg>
<status status="PASS" start="2024-06-01T21:29:51.556025" elapsed="3.318202"/>
</kw>
<kw name="click the login button" owner="LoginResource">
<kw name="Click Button" owner="SeleniumLibrary">
<msg time="2024-06-01T21:29:54.884778" level="INFO">Clicking button 'xpath://button[@class="btn d-flex justify-content-center align-items-center w-100 h-100 btn-primary btn-action-primary"]'.</msg>
<arg>${submit_btn}</arg>
<doc>Clicks the button identified by ``locator``.</doc>
<status status="PASS" start="2024-06-01T21:29:54.882311" elapsed="2.255994"/>
</kw>
<status status="PASS" start="2024-06-01T21:29:54.874227" elapsed="2.264078"/>
</kw>
<kw name="Click on the Banking button" owner="HomeResource">
<kw name="Wait Until Element Is Visible" owner="SeleniumLibrary">
<arg>${Banking}</arg>
<doc>Waits until the element ``locator`` is visible.</doc>
<status status="PASS" start="2024-06-01T21:29:57.145820" elapsed="4.038182"/>
</kw>
<kw name="Click Element" owner="SeleniumLibrary">
<msg time="2024-06-01T21:30:01.191017" level="INFO">Clicking element 'xpath://div[text()='Banking']'.</msg>
<arg>${Banking}</arg>
<doc>Click the element identified by ``locator``.</doc>
<status status="PASS" start="2024-06-01T21:30:01.184002" elapsed="1.173189"/>
</kw>
<status status="PASS" start="2024-06-01T21:29:57.138305" elapsed="5.218886"/>
</kw>
<kw name="Select the option payment to user" owner="PaymentUser">
<kw name="Wait Until Element Is Visible" owner="SeleniumLibrary">
<arg>${select_payment_to_user}</arg>
<doc>Waits until the element ``locator`` is visible.</doc>
<status status="PASS" start="2024-06-01T21:30:02.365207" elapsed="3.730992"/>
</kw>
<kw name="Click Element" owner="SeleniumLibrary">
<msg time="2024-06-01T21:30:06.096199" level="INFO">Clicking element 'xpath://div[text()="Payment to user"]'.</msg>
<arg>${select_payment_to_user}</arg>
<doc>Click the element identified by ``locator``.</doc>
<status status="PASS" start="2024-06-01T21:30:06.096199" elapsed="0.399721"/>
</kw>
<status status="PASS" start="2024-06-01T21:30:02.357191" elapsed="4.138729"/>
</kw>
<kw name="verify the payment to user page open" owner="PaymentUser">
<kw name="Element Text Should Be" owner="SeleniumLibrary">
<msg time="2024-06-01T21:30:06.504479" level="INFO">Verifying element 'xpath://div[@class="content-title d-flex"]//div' contains exact text 'Payment to user'.</msg>
<arg>${payment_user_title}</arg>
<arg>Payment to user</arg>
<doc>Verifies that element ``locator`` contains exact the text ``expected``.</doc>
<status status="PASS" start="2024-06-01T21:30:06.504479" elapsed="0.583327"/>
</kw>
<status status="PASS" start="2024-06-01T21:30:06.495920" elapsed="0.591886"/>
</kw>
<kw name="Enter the username in the to user field" owner="PaymentUser">
<kw name="Input Text" owner="SeleniumLibrary">
<msg time="2024-06-01T21:30:07.089821" level="INFO">Typing text 'dinesh dk' into text field 'xpath://input[@placeholder="Type to search"]'.</msg>
<arg>${to_User}</arg>
<arg>${user_name}</arg>
<doc>Types the given ``text`` into the text field identified by ``locator``.</doc>
<status status="PASS" start="2024-06-01T21:30:07.089821" elapsed="0.313187"/>
</kw>
<arg>${user_name}</arg>
<status status="PASS" start="2024-06-01T21:30:07.087806" elapsed="0.315202"/>
</kw>
<kw name="Select the user" owner="PaymentUser">
<kw name="Click Element" owner="SeleniumLibrary">
<msg time="2024-06-01T21:30:07.406126" level="INFO">Clicking element 'xpath://div[@class="dropdown-menu show"]//a[1]'.</msg>
<arg>${select_user}</arg>
<doc>Click the element identified by ``locator``.</doc>
<status status="PASS" start="2024-06-01T21:30:07.406126" elapsed="2.126156"/>
</kw>
<status status="PASS" start="2024-06-01T21:30:07.403008" elapsed="2.129274"/>
</kw>
<kw name="Enter the valid amount in the amount field" owner="PaymentUser">
<kw name="Input Text" owner="SeleniumLibrary">
<msg time="2024-06-01T21:30:09.536626" level="INFO">Typing text '10' into text field 'xpath://div[@class="input-group"]//input'.</msg>
<arg>${amount}</arg>
<arg>${amount_data}</arg>
<doc>Types the given ``text`` into the text field identified by ``locator``.</doc>
<status status="PASS" start="2024-06-01T21:30:09.536626" elapsed="0.240461"/>
</kw>
<arg>${amount_data}</arg>
<status status="PASS" start="2024-06-01T21:30:09.536626" elapsed="0.241487"/>
</kw>
<kw name="Click the scheduling dropdown button" owner="PaymentUser">
<kw name="Click Element" owner="SeleniumLibrary">
<msg time="2024-06-01T21:30:09.778113" level="INFO">Clicking element 'xpath://button[@title="Pay now"]'.</msg>
<arg>${Scheduling}</arg>
<doc>Click the element identified by ``locator``.</doc>
<status status="PASS" start="2024-06-01T21:30:09.778113" elapsed="0.702076"/>
</kw>
<status status="PASS" start="2024-06-01T21:30:09.778113" elapsed="0.702076"/>
</kw>
<kw name="Click the pay now option" owner="PaymentUser">
<kw name="Click Element" owner="SeleniumLibrary">
<msg time="2024-06-01T21:30:10.480189" level="INFO">Clicking element 'xpath://a[text()=' Pay now ']'.</msg>
<arg>${pay_now_option}</arg>
<doc>Click the element identified by ``locator``.</doc>
<status status="PASS" start="2024-06-01T21:30:10.480189" elapsed="0.085126"/>
</kw>
<status status="PASS" start="2024-06-01T21:30:10.480189" elapsed="0.085126"/>
</kw>
<kw name="Click the next Button in payment page" owner="PaymentUser">
<kw name="Wait Until Element Is Visible" owner="SeleniumLibrary">
<arg>${next}</arg>
<doc>Waits until the element ``locator`` is visible.</doc>
<status status="PASS" start="2024-06-01T21:30:10.565315" elapsed="0.032275"/>
</kw>
<kw name="Click Element" owner="SeleniumLibrary">
<msg time="2024-06-01T21:30:10.597590" level="INFO">Clicking element 'xpath://action-button[@class="d-inline-block button"]/button'.</msg>
<arg>${next}</arg>
<doc>Click the element identified by ``locator``.</doc>
<status status="PASS" start="2024-06-01T21:30:10.597590" elapsed="0.065911"/>
</kw>
<status status="PASS" start="2024-06-01T21:30:10.565315" elapsed="0.098186"/>
</kw>
<kw name="Click the confirm button in the payment page" owner="PaymentUser">
<kw name="Wait Until Element Is Visible" owner="SeleniumLibrary">
<msg time="2024-06-01T21:30:16.046256" level="INFO" html="true">&lt;/td&gt;&lt;/tr&gt;&lt;tr&gt;&lt;td colspan="3"&gt;&lt;a href="selenium-screenshot-1.png"&gt;&lt;img src="selenium-screenshot-1.png" width="800px"&gt;&lt;/a&gt;</msg>
<msg time="2024-06-01T21:30:16.046256" level="FAIL">Element 'xpath://span[text()='Confirm']' not visible after 5 seconds.</msg>
<arg>${confirm_button}</arg>
<doc>Waits until the element ``locator`` is visible.</doc>
<status status="FAIL" start="2024-06-01T21:30:10.663501" elapsed="5.385478">Element 'xpath://span[text()='Confirm']' not visible after 5 seconds.</status>
</kw>
<kw name="Click Element" owner="SeleniumLibrary">
<arg>${confirm_button}</arg>
<doc>Click the element identified by ``locator``.</doc>
<status status="NOT RUN" start="2024-06-01T21:30:16.048979" elapsed="0.000000"/>
</kw>
<status status="FAIL" start="2024-06-01T21:30:10.663501" elapsed="5.385478">Element 'xpath://span[text()='Confirm']' not visible after 5 seconds.</status>
</kw>
<kw name="verify the succesfull payment notification" owner="PaymentUser">
<status status="NOT RUN" start="2024-06-01T21:30:16.050607" elapsed="0.000000"/>
</kw>
<arg>user_name=dinesh dk</arg>
<arg>amount_data=10</arg>
<tag>Smoke</tag>
<doc>To validate the successfull payment notification</doc>
<status status="FAIL" start="2024-06-01T21:29:45.318449" elapsed="30.732158">Element 'xpath://span[text()='Confirm']' not visible after 5 seconds.</status>
</kw>
<kw name="Close Browser Session" owner="GenericResource" type="TEARDOWN">
<kw name="Close Browser" owner="SeleniumLibrary">
<doc>Closes the current browser.</doc>
<status status="PASS" start="2024-06-01T21:30:16.052975" elapsed="2.296646"/>
</kw>
<status status="PASS" start="2024-06-01T21:30:16.050607" elapsed="2.299014"/>
</kw>
<status status="FAIL" start="2024-06-01T21:29:33.260309" elapsed="45.089312">Element 'xpath://span[text()='Confirm']' not visible after 5 seconds.</status>
</test>
<doc>To validate Banking - payment to user Functionality</doc>
<status status="FAIL" start="2024-06-01T21:29:31.137282" elapsed="47.212339"/>
</suite>
<status status="FAIL" start="2024-06-01T21:29:31.090304" elapsed="47.261843"/>
</suite>
<statistics>
<total>
<stat pass="0" fail="1" skip="0">All Tests</stat>
</total>
<tag>
</tag>
<suite>
<stat pass="0" fail="1" skip="0" id="s1" name="TestCases">TestCases</stat>
<stat pass="0" fail="1" skip="0" id="s1-s1" name="Test Payment To User">TestCases.Test Payment To User</stat>
</suite>
</statistics>
<errors>
</errors>
</robot>
