<?xml version="1.0" encoding="UTF-8"?>
<robot generator="Robot 7.0 (Python 3.12.2 on win32)" generated="2024-06-01T21:30:23.068688" rpa="false" schemaversion="5">
<suite id="s1" name="TestCases" source="C:\Cyclos_project\PilotProject_Cyclos_Team1-5\TestCases">
<suite id="s1-s1" name="test blankQRcode" source="C:\Cyclos_project\PilotProject_Cyclos_Team1-5\TestCases\test_blankQRcode.robot">
<test id="s1-s1-t1" name="Validate Receive QR code with valid data" line="17">
<kw name="Open the Browser with URL" owner="GenericResource" type="SETUP">
<kw name="Create Webdriver" owner="SeleniumLibrary">
<msg time="2024-06-01T21:30:24.246357" level="INFO">Creating an instance of the Chrome WebDriver.</msg>
<arg>${brower_name}</arg>
<doc>Creates an instance of Selenium WebDriver.</doc>
<status status="PASS" start="2024-06-01T21:30:24.246357" elapsed="2.119164"/>
</kw>
<kw name="Go To" owner="SeleniumLibrary">
<msg time="2024-06-01T21:30:26.366563" level="INFO">Opening url 'https://demo.cyclos.org/ui/home'</msg>
<arg>${url}</arg>
<doc>Navigates the current browser window to the provided ``url``.</doc>
<status status="PASS" start="2024-06-01T21:30:26.365521" elapsed="50.089317"/>
</kw>
<kw name="Maximize Browser Window" owner="SeleniumLibrary">
<doc>Maximizes current browser window.</doc>
<status status="PASS" start="2024-06-01T21:31:16.454838" elapsed="0.100084"/>
</kw>
<kw name="Set Selenium Implicit Wait" owner="SeleniumLibrary">
<arg>5</arg>
<doc>Sets the implicit wait value used by Selenium.</doc>
<status status="PASS" start="2024-06-01T21:31:16.554922" elapsed="0.000000"/>
</kw>
<status status="PASS" start="2024-06-01T21:30:24.246357" elapsed="52.311078"/>
</kw>
<kw name="Validate the Receive QR code functionality with empty data">
<kw name="Go to Login Page" owner="HomeResource">
<kw name="Sleep" owner="BuiltIn">
<msg time="2024-06-01T21:31:21.562339" level="INFO">Slept 5 seconds.</msg>
<arg>5s</arg>
<doc>Pauses the test executed for the given time.</doc>
<status status="PASS" start="2024-06-01T21:31:16.561019" elapsed="5.001320"/>
</kw>
<kw name="Click Element" owner="SeleniumLibrary">
<msg time="2024-06-01T21:31:21.562339" level="INFO">Clicking element 'xpath:(//div[@class="ml-2"])[3]'.</msg>
<msg time="2024-06-01T21:31:26.843318" level="INFO" html="true">&lt;/td&gt;&lt;/tr&gt;&lt;tr&gt;&lt;td colspan="3"&gt;&lt;a href="selenium-screenshot-1.png"&gt;&lt;img src="selenium-screenshot-1.png" width="800px"&gt;&lt;/a&gt;</msg>
<msg time="2024-06-01T21:31:26.843318" level="FAIL">Element with locator 'xpath:(//div[@class="ml-2"])[3]' not found.</msg>
<arg>${login_btn}</arg>
<doc>Click the element identified by ``locator``.</doc>
<status status="FAIL" start="2024-06-01T21:31:21.562339" elapsed="5.283014">Element with locator 'xpath:(//div[@class="ml-2"])[3]' not found.</status>
</kw>
<status status="FAIL" start="2024-06-01T21:31:16.561019" elapsed="10.287875">Element with locator 'xpath:(//div[@class="ml-2"])[3]' not found.</status>
</kw>
<kw name="Fill the login form" owner="LoginResource">
<arg>sandhiyas</arg>
<arg>Sand@123</arg>
<status status="NOT RUN" start="2024-06-01T21:31:26.848894" elapsed="0.000000"/>
</kw>
<kw name="click the login button" owner="LoginResource">
<status status="NOT RUN" start="2024-06-01T21:31:26.848894" elapsed="0.000000"/>
</kw>
<kw name="Click the Banking Option" owner="HomeResource">
<status status="NOT RUN" start="2024-06-01T21:31:26.851517" elapsed="0.000000"/>
</kw>
<kw name="Verify the Banking page is displayed" owner="HomeResource">
<status status="NOT RUN" start="2024-06-01T21:31:26.851517" elapsed="0.000000"/>
</kw>
<kw name="Verify the Receive qr code page" owner="ReceiveQRcodeResources">
<status status="NOT RUN" start="2024-06-01T21:31:26.853298" elapsed="0.000000"/>
</kw>
<kw name="Fill the payment form with data" owner="ReceiveQRcodeResources">
<arg>${blank_amount}</arg>
<arg>${blank_description}</arg>
<status status="NOT RUN" start="2024-06-01T21:31:26.853298" elapsed="0.001524"/>
</kw>
<kw name="verify error message is displayed" owner="ReceiveQRcodeResources">
<status status="NOT RUN" start="2024-06-01T21:31:26.854895" elapsed="0.000000"/>
</kw>
<arg>blank_amount=   </arg>
<arg>blank_description=   </arg>
<doc>This checks the qr code with blank data</doc>
<status status="FAIL" start="2024-06-01T21:31:16.558475" elapsed="10.296420">Element with locator 'xpath:(//div[@class="ml-2"])[3]' not found.</status>
</kw>
<kw name="Close Browser Session" owner="GenericResource" type="TEARDOWN">
<kw name="Close Browser" owner="SeleniumLibrary">
<doc>Closes the current browser.</doc>
<status status="PASS" start="2024-06-01T21:31:26.856918" elapsed="2.260347"/>
</kw>
<status status="PASS" start="2024-06-01T21:31:26.854895" elapsed="2.262370"/>
</kw>
<tag>smoke</tag>
<status status="FAIL" start="2024-06-01T21:30:24.237359" elapsed="64.879906">Element with locator 'xpath:(//div[@class="ml-2"])[3]' not found.</status>
</test>
<doc>This checks the Receive QR code fubctionality</doc>
<status status="FAIL" start="2024-06-01T21:30:23.106176" elapsed="66.011089"/>
</suite>
<status status="FAIL" start="2024-06-01T21:30:23.088267" elapsed="66.028998"/>
</suite>
<statistics>
<total>
<stat pass="0" fail="1" skip="0">All Tests</stat>
</total>
<tag>
<stat pass="0" fail="1" skip="0">smoke</stat>
</tag>
<suite>
<stat pass="0" fail="1" skip="0" id="s1" name="TestCases">TestCases</stat>
<stat pass="0" fail="1" skip="0" id="s1-s1" name="test blankQRcode">TestCases.test blankQRcode</stat>
</suite>
</statistics>
<errors>
</errors>
</robot>
