<?xml version="1.0" encoding="UTF-8"?>
<robot generator="Robot 7.0 (Python 3.12.2 on win32)" generated="2024-05-28T11:32:46.386068" rpa="false" schemaversion="5">
<suite id="s1" name="PilotProject Cyclos Team1-1" source="E:\PilotProject_Cyclos_Team1-1">
<suite id="s1-s1" name="TestCases" source="E:\PilotProject_Cyclos_Team1-1\TestCases">
<suite id="s1-s1-s1" name="test blankDescripQRcode" source="E:\PilotProject_Cyclos_Team1-1\TestCases\test_blankDescripQRcode.robot">
<test id="s1-s1-s1-t1" name="Validate Receive QR code with valid data" line="16">
<kw name="Open the Browser with URL" owner="GenericResource" type="SETUP">
<kw name="Create Webdriver" owner="SeleniumLibrary">
<msg time="2024-05-28T11:32:48.502708" level="INFO">Creating an instance of the Chrome WebDriver.</msg>
<arg>${brower_name}</arg>
<doc>Creates an instance of Selenium WebDriver.</doc>
<status status="PASS" start="2024-05-28T11:32:48.501712" elapsed="3.610244"/>
</kw>
<kw name="Go To" owner="SeleniumLibrary">
<msg time="2024-05-28T11:32:52.112957" level="INFO">Opening url 'https://demo.cyclos.org/ui/home'</msg>
<arg>${url}</arg>
<doc>Navigates the current browser window to the provided ``url``.</doc>
<status status="PASS" start="2024-05-28T11:32:52.111956" elapsed="2.251070"/>
</kw>
<kw name="Maximize Browser Window" owner="SeleniumLibrary">
<doc>Maximizes current browser window.</doc>
<status status="PASS" start="2024-05-28T11:32:54.363026" elapsed="0.049685"/>
</kw>
<kw name="Set Selenium Implicit Wait" owner="SeleniumLibrary">
<arg>5</arg>
<doc>Sets the implicit wait value used by Selenium.</doc>
<status status="PASS" start="2024-05-28T11:32:54.413871" elapsed="0.001491"/>
</kw>
<status status="PASS" start="2024-05-28T11:32:48.500715" elapsed="5.914647"/>
</kw>
<kw name="Validate the Receive QR code functionality with blank description">
<kw name="Fill the login form" owner="LoginResource">
<kw name="Input Text" owner="SeleniumLibrary">
<msg time="2024-05-28T11:32:54.421349" level="INFO">Typing text 'sandhiyas' into text field 'css:input[placeholder="User"]'.</msg>
<msg time="2024-05-28T11:32:59.520472" level="INFO" html="true">&lt;/td&gt;&lt;/tr&gt;&lt;tr&gt;&lt;td colspan="3"&gt;&lt;a href="selenium-screenshot-1.png"&gt;&lt;img src="selenium-screenshot-1.png" width="800px"&gt;&lt;/a&gt;</msg>
<msg time="2024-05-28T11:32:59.520472" level="FAIL">Element with locator 'css:input[placeholder="User"]' not found.</msg>
<arg>${username}</arg>
<arg>${user}</arg>
<doc>Types the given ``text`` into the text field identified by ``locator``.</doc>
<status status="FAIL" start="2024-05-28T11:32:54.419366" elapsed="5.103649">Element with locator 'css:input[placeholder="User"]' not found.</status>
</kw>
<kw name="Input Password" owner="SeleniumLibrary">
<arg>${password}</arg>
<arg>${pass}</arg>
<doc>Types the given password into the text field identified by ``locator``.</doc>
<status status="NOT RUN" start="2024-05-28T11:32:59.524325" elapsed="0.000000"/>
</kw>
<arg>sandhiyas</arg>
<arg>Sand@123</arg>
<status status="FAIL" start="2024-05-28T11:32:54.417361" elapsed="5.106964">Element with locator 'css:input[placeholder="User"]' not found.</status>
</kw>
<kw name="click the login button" owner="LoginResource">
<status status="NOT RUN" start="2024-05-28T11:32:59.524325" elapsed="0.001221"/>
</kw>
<kw name="Click the Banking Option" owner="HomeResource">
<status status="NOT RUN" start="2024-05-28T11:32:59.525546" elapsed="0.000000"/>
</kw>
<kw name="Verify the Banking page is displayed" owner="HomeResource">
<status status="NOT RUN" start="2024-05-28T11:32:59.525546" elapsed="0.000000"/>
</kw>
<kw name="Verify the Receive qr code page" owner="ReceiveQRcodeResources">
<status status="NOT RUN" start="2024-05-28T11:32:59.525546" elapsed="0.000000"/>
</kw>
<kw name="Fill the payment form with data" owner="ReceiveQRcodeResources">
<arg>${amount}</arg>
<arg>${blank_description}</arg>
<status status="NOT RUN" start="2024-05-28T11:32:59.525546" elapsed="0.000000"/>
</kw>
<kw name="Verify the qr code is displayed" owner="ReceiveQRcodeResources">
<status status="NOT RUN" start="2024-05-28T11:32:59.526812" elapsed="0.000000"/>
</kw>
<arg>amount=100</arg>
<arg>blank_description=</arg>
<tag>valid_ReceiveQRCode</tag>
<doc>This checks the qr code with blank description</doc>
<status status="FAIL" start="2024-05-28T11:32:54.416365" elapsed="5.110447">Element with locator 'css:input[placeholder="User"]' not found.</status>
</kw>
<kw name="Close Browser Session" owner="GenericResource" type="TEARDOWN">
<kw name="Close Browser" owner="SeleniumLibrary">
<doc>Closes the current browser.</doc>
<status status="PASS" start="2024-05-28T11:32:59.527887" elapsed="2.195335"/>
</kw>
<status status="PASS" start="2024-05-28T11:32:59.526812" elapsed="2.196410"/>
</kw>
<status status="FAIL" start="2024-05-28T11:32:48.497725" elapsed="13.225497">Element with locator 'css:input[placeholder="User"]' not found.</status>
</test>
<doc>This checks the Receive QR code fubctionality</doc>
<status status="FAIL" start="2024-05-28T11:32:46.455098" elapsed="15.270117"/>
</suite>
<status status="FAIL" start="2024-05-28T11:32:46.451529" elapsed="15.275805"/>
</suite>
<status status="FAIL" start="2024-05-28T11:32:46.411494" elapsed="15.316838"/>
</suite>
<statistics>
<total>
<stat pass="0" fail="1" skip="0">All Tests</stat>
</total>
<tag>
</tag>
<suite>
<stat pass="0" fail="1" skip="0" id="s1" name="PilotProject Cyclos Team1-1">PilotProject Cyclos Team1-1</stat>
<stat pass="0" fail="1" skip="0" id="s1-s1" name="TestCases">PilotProject Cyclos Team1-1.TestCases</stat>
<stat pass="0" fail="1" skip="0" id="s1-s1-s1" name="test blankDescripQRcode">PilotProject Cyclos Team1-1.TestCases.test blankDescripQRcode</stat>
</suite>
</statistics>
<errors>
</errors>
</robot>
