<?xml version="1.0" encoding="UTF-8"?>
<robot generator="Robot 7.0 (Python 3.12.2 on win32)" generated="2024-05-28T11:33:02.712805" rpa="false" schemaversion="5">
<suite id="s1" name="PilotProject Cyclos Team1-1" source="E:\PilotProject_Cyclos_Team1-1">
<suite id="s1-s1" name="TestCases" source="E:\PilotProject_Cyclos_Team1-1\TestCases">
<suite id="s1-s1-s1" name="test blankQRcode" source="E:\PilotProject_Cyclos_Team1-1\TestCases\test_blankQRcode.robot">
<test id="s1-s1-s1-t1" name="Validate Receive QR code with valid data" line="16">
<kw name="Open the Browser with URL" owner="GenericResource" type="SETUP">
<kw name="Create Webdriver" owner="SeleniumLibrary">
<msg time="2024-05-28T11:33:04.000272" level="INFO">Creating an instance of the Chrome WebDriver.</msg>
<arg>${brower_name}</arg>
<doc>Creates an instance of Selenium WebDriver.</doc>
<status status="PASS" start="2024-05-28T11:33:04.000272" elapsed="4.468521"/>
</kw>
<kw name="Go To" owner="SeleniumLibrary">
<msg time="2024-05-28T11:33:08.468793" level="INFO">Opening url 'https://demo.cyclos.org/ui/home'</msg>
<arg>${url}</arg>
<doc>Navigates the current browser window to the provided ``url``.</doc>
<status status="PASS" start="2024-05-28T11:33:08.468793" elapsed="2.406691"/>
</kw>
<kw name="Maximize Browser Window" owner="SeleniumLibrary">
<doc>Maximizes current browser window.</doc>
<status status="PASS" start="2024-05-28T11:33:10.876480" elapsed="0.303510"/>
</kw>
<kw name="Set Selenium Implicit Wait" owner="SeleniumLibrary">
<arg>5</arg>
<doc>Sets the implicit wait value used by Selenium.</doc>
<status status="PASS" start="2024-05-28T11:33:11.179990" elapsed="0.003535"/>
</kw>
<status status="PASS" start="2024-05-28T11:33:03.999276" elapsed="7.184249"/>
</kw>
<kw name="Validate the Receive QR code functionality with empty data">
<kw name="Fill the login form" owner="LoginResource">
<kw name="Input Text" owner="SeleniumLibrary">
<msg time="2024-05-28T11:33:11.186520" level="INFO">Typing text 'sandhiyas' into text field 'css:input[placeholder="User"]'.</msg>
<msg time="2024-05-28T11:33:16.362259" level="INFO" html="true">&lt;/td&gt;&lt;/tr&gt;&lt;tr&gt;&lt;td colspan="3"&gt;&lt;a href="selenium-screenshot-1.png"&gt;&lt;img src="selenium-screenshot-1.png" width="800px"&gt;&lt;/a&gt;</msg>
<msg time="2024-05-28T11:33:16.362259" level="FAIL">Element with locator 'css:input[placeholder="User"]' not found.</msg>
<arg>${username}</arg>
<arg>${user}</arg>
<doc>Types the given ``text`` into the text field identified by ``locator``.</doc>
<status status="FAIL" start="2024-05-28T11:33:11.186520" elapsed="5.179727">Element with locator 'css:input[placeholder="User"]' not found.</status>
</kw>
<kw name="Input Password" owner="SeleniumLibrary">
<arg>${password}</arg>
<arg>${pass}</arg>
<doc>Types the given password into the text field identified by ``locator``.</doc>
<status status="NOT RUN" start="2024-05-28T11:33:16.368244" elapsed="0.000992"/>
</kw>
<arg>sandhiyas</arg>
<arg>Sand@123</arg>
<status status="FAIL" start="2024-05-28T11:33:11.185525" elapsed="5.183711">Element with locator 'css:input[placeholder="User"]' not found.</status>
</kw>
<kw name="click the login button" owner="LoginResource">
<status status="NOT RUN" start="2024-05-28T11:33:16.370233" elapsed="0.000000"/>
</kw>
<kw name="Click the Banking Option" owner="HomeResource">
<status status="NOT RUN" start="2024-05-28T11:33:16.370233" elapsed="0.000000"/>
</kw>
<kw name="Verify the Banking page is displayed" owner="HomeResource">
<status status="NOT RUN" start="2024-05-28T11:33:16.370233" elapsed="0.000000"/>
</kw>
<kw name="Verify the Receive qr code page" owner="ReceiveQRcodeResources">
<status status="NOT RUN" start="2024-05-28T11:33:16.371600" elapsed="0.000000"/>
</kw>
<kw name="Fill the payment form with data" owner="ReceiveQRcodeResources">
<arg>${blank_amount}</arg>
<arg>${blank_description}</arg>
<status status="NOT RUN" start="2024-05-28T11:33:16.371600" elapsed="0.000000"/>
</kw>
<kw name="verify error message is displayed" owner="ReceiveQRcodeResources">
<status status="NOT RUN" start="2024-05-28T11:33:16.371600" elapsed="0.000000"/>
</kw>
<arg>blank_amount=   </arg>
<arg>blank_description=   </arg>
<tag>invalid_ReceiveQRCode</tag>
<doc>This checks the qr code with blank data</doc>
<status status="FAIL" start="2024-05-28T11:33:11.183525" elapsed="5.189075">Element with locator 'css:input[placeholder="User"]' not found.</status>
</kw>
<kw name="Close Browser Session" owner="GenericResource" type="TEARDOWN">
<kw name="Close Browser" owner="SeleniumLibrary">
<doc>Closes the current browser.</doc>
<status status="PASS" start="2024-05-28T11:33:16.373597" elapsed="2.353060"/>
</kw>
<status status="PASS" start="2024-05-28T11:33:16.372600" elapsed="2.354057"/>
</kw>
<status status="FAIL" start="2024-05-28T11:33:03.996285" elapsed="14.730372">Element with locator 'css:input[placeholder="User"]' not found.</status>
</test>
<doc>This checks the Receive QR code fubctionality</doc>
<status status="FAIL" start="2024-05-28T11:33:02.756126" elapsed="15.973035"/>
</suite>
<status status="FAIL" start="2024-05-28T11:33:02.754133" elapsed="15.978016"/>
</suite>
<status status="FAIL" start="2024-05-28T11:33:02.727843" elapsed="16.005303"/>
</suite>
<statistics>
<total>
<stat pass="0" fail="1" skip="0">All Tests</stat>
</total>
<tag>
</tag>
<suite>
<stat pass="0" fail="1" skip="0" id="s1" name="PilotProject Cyclos Team1-1">PilotProject Cyclos Team1-1</stat>
<stat pass="0" fail="1" skip="0" id="s1-s1" name="TestCases">PilotProject Cyclos Team1-1.TestCases</stat>
<stat pass="0" fail="1" skip="0" id="s1-s1-s1" name="test blankQRcode">PilotProject Cyclos Team1-1.TestCases.test blankQRcode</stat>
</suite>
</statistics>
<errors>
</errors>
</robot>
