<?xml version="1.0" encoding="UTF-8"?>
<robot generator="Robot 7.0 (Python 3.12.2 on win32)" generated="2024-05-28T11:34:37.955598" rpa="false" schemaversion="5">
<suite id="s1" name="PilotProject Cyclos Team1-1" source="E:\PilotProject_Cyclos_Team1-1">
<suite id="s1-s1" name="TestCases" source="E:\PilotProject_Cyclos_Team1-1\TestCases">
<suite id="s1-s1-s1" name="test validLogin" source="E:\PilotProject_Cyclos_Team1-1\TestCases\test_validLogin.robot">
<test id="s1-s1-s1-t1" name="Valid Login Test case" line="13">
<kw name="Open the Browser with URL" owner="GenericResource" type="SETUP">
<kw name="Create Webdriver" owner="SeleniumLibrary">
<msg time="2024-05-28T11:34:39.419394" level="INFO">Creating an instance of the Chrome WebDriver.</msg>
<arg>${brower_name}</arg>
<doc>Creates an instance of Selenium WebDriver.</doc>
<status status="PASS" start="2024-05-28T11:34:39.418397" elapsed="2.740444"/>
</kw>
<kw name="Go To" owner="SeleniumLibrary">
<msg time="2024-05-28T11:34:42.159838" level="INFO">Opening url 'https://demo.cyclos.org/ui/home'</msg>
<arg>${url}</arg>
<doc>Navigates the current browser window to the provided ``url``.</doc>
<status status="PASS" start="2024-05-28T11:34:42.158841" elapsed="1.063139"/>
</kw>
<kw name="Maximize Browser Window" owner="SeleniumLibrary">
<doc>Maximizes current browser window.</doc>
<status status="PASS" start="2024-05-28T11:34:43.222977" elapsed="1.401856"/>
</kw>
<kw name="Set Selenium Implicit Wait" owner="SeleniumLibrary">
<arg>5</arg>
<doc>Sets the implicit wait value used by Selenium.</doc>
<status status="PASS" start="2024-05-28T11:34:44.624833" elapsed="0.004356"/>
</kw>
<status status="PASS" start="2024-05-28T11:34:39.417400" elapsed="5.211789"/>
</kw>
<kw name="Valid Login Test">
<kw name="Go to Login Page" owner="HomeResource">
<kw name="Sleep" owner="BuiltIn">
<msg time="2024-05-28T11:34:49.631760" level="INFO">Slept 5 seconds.</msg>
<arg>5s</arg>
<doc>Pauses the test executed for the given time.</doc>
<status status="PASS" start="2024-05-28T11:34:44.630287" elapsed="5.001473"/>
</kw>
<kw name="Click Element" owner="SeleniumLibrary">
<msg time="2024-05-28T11:34:49.632776" level="INFO">Clicking element 'xpath:(//div[@class="ml-2"])[3]'.</msg>
<arg>${login_btn}</arg>
<doc>Click the element identified by ``locator``.</doc>
<status status="PASS" start="2024-05-28T11:34:49.631760" elapsed="0.886719"/>
</kw>
<status status="PASS" start="2024-05-28T11:34:44.630287" elapsed="5.888192"/>
</kw>
<kw name="Fill the login form" owner="LoginResource">
<kw name="Input Text" owner="SeleniumLibrary">
<msg time="2024-05-28T11:34:50.520484" level="INFO">Typing text 'sandhiyas' into text field 'css:input[placeholder="User"]'.</msg>
<arg>${username}</arg>
<arg>${user}</arg>
<doc>Types the given ``text`` into the text field identified by ``locator``.</doc>
<status status="PASS" start="2024-05-28T11:34:50.519485" elapsed="0.225442"/>
</kw>
<kw name="Input Password" owner="SeleniumLibrary">
<msg time="2024-05-28T11:34:50.746317" level="INFO">Typing password into text field 'css:input[placeholder="Password"]'.</msg>
<msg time="2024-05-28T11:34:50.824793" level="INFO">Temporally setting log level to: NONE</msg>
<arg>${password}</arg>
<arg>${pass}</arg>
<doc>Types the given password into the text field identified by ``locator``.</doc>
<status status="PASS" start="2024-05-28T11:34:50.744927" elapsed="0.174384"/>
</kw>
<arg>${username}</arg>
<arg>${password}</arg>
<status status="PASS" start="2024-05-28T11:34:50.519485" elapsed="0.399826"/>
</kw>
<kw name="click the login button" owner="LoginResource">
<kw name="Click Button" owner="SeleniumLibrary">
<msg time="2024-05-28T11:34:50.921309" level="INFO">Clicking button 'xpath://button[@class="btn d-flex justify-content-center align-items-center w-100 h-100 btn-primary btn-action-primary"]'.</msg>
<arg>${submit_btn}</arg>
<doc>Clicks the button identified by ``locator``.</doc>
<status status="PASS" start="2024-05-28T11:34:50.920314" elapsed="0.226891"/>
</kw>
<status status="PASS" start="2024-05-28T11:34:50.920314" elapsed="0.226891"/>
</kw>
<kw name="verify the login" owner="HomeResource">
<kw name="Element Text Should Be" owner="SeleniumLibrary">
<msg time="2024-05-28T11:34:51.149561" level="INFO">Verifying element 'xpath:(//div[@class="top-title"])[2]' contains exact text 'Cyclos'.</msg>
<arg>${verify_login}</arg>
<arg>Cyclos</arg>
<doc>Verifies that element ``locator`` contains exact the text ``expected``.</doc>
<status status="PASS" start="2024-05-28T11:34:51.148560" elapsed="0.043208"/>
</kw>
<status status="PASS" start="2024-05-28T11:34:51.147205" elapsed="0.044563"/>
</kw>
<arg>username=sandhiyas</arg>
<arg>password=Sand@123</arg>
<tag>Smoke</tag>
<status status="PASS" start="2024-05-28T11:34:44.629189" elapsed="6.562579"/>
</kw>
<kw name="Close Browser Session" owner="GenericResource" type="TEARDOWN">
<kw name="Close Browser" owner="SeleniumLibrary">
<doc>Closes the current browser.</doc>
<status status="PASS" start="2024-05-28T11:34:51.193767" elapsed="2.548546"/>
</kw>
<status status="PASS" start="2024-05-28T11:34:51.192769" elapsed="2.549544"/>
</kw>
<status status="PASS" start="2024-05-28T11:34:39.415060" elapsed="14.327253"/>
</test>
<test id="s1-s1-s1-t2" name="Valid Login Test case" line="13">
<kw name="Open the Browser with URL" owner="GenericResource" type="SETUP">
<kw name="Create Webdriver" owner="SeleniumLibrary">
<msg time="2024-05-28T11:34:53.746765" level="INFO">Creating an instance of the Chrome WebDriver.</msg>
<arg>${brower_name}</arg>
<doc>Creates an instance of Selenium WebDriver.</doc>
<status status="PASS" start="2024-05-28T11:34:53.746765" elapsed="4.727851"/>
</kw>
<kw name="Go To" owner="SeleniumLibrary">
<msg time="2024-05-28T11:34:58.474616" level="INFO">Opening url 'https://demo.cyclos.org/ui/home'</msg>
<arg>${url}</arg>
<doc>Navigates the current browser window to the provided ``url``.</doc>
<status status="PASS" start="2024-05-28T11:34:58.474616" elapsed="0.885216"/>
</kw>
<kw name="Maximize Browser Window" owner="SeleniumLibrary">
<doc>Maximizes current browser window.</doc>
<status status="PASS" start="2024-05-28T11:34:59.359832" elapsed="1.303675"/>
</kw>
<kw name="Set Selenium Implicit Wait" owner="SeleniumLibrary">
<arg>5</arg>
<doc>Sets the implicit wait value used by Selenium.</doc>
<status status="PASS" start="2024-05-28T11:35:00.663507" elapsed="0.007977"/>
</kw>
<status status="PASS" start="2024-05-28T11:34:53.746765" elapsed="6.924719"/>
</kw>
<kw name="Valid Login Test">
<kw name="Go to Login Page" owner="HomeResource">
<kw name="Sleep" owner="BuiltIn">
<msg time="2024-05-28T11:35:05.673631" level="INFO">Slept 5 seconds.</msg>
<arg>5s</arg>
<doc>Pauses the test executed for the given time.</doc>
<status status="PASS" start="2024-05-28T11:35:00.673477" elapsed="5.000154"/>
</kw>
<kw name="Click Element" owner="SeleniumLibrary">
<msg time="2024-05-28T11:35:05.674656" level="INFO">Clicking element 'xpath:(//div[@class="ml-2"])[3]'.</msg>
<arg>${login_btn}</arg>
<doc>Click the element identified by ``locator``.</doc>
<status status="PASS" start="2024-05-28T11:35:05.673631" elapsed="0.192812"/>
</kw>
<status status="PASS" start="2024-05-28T11:35:00.673477" elapsed="5.192966"/>
</kw>
<kw name="Fill the login form" owner="LoginResource">
<kw name="Input Text" owner="SeleniumLibrary">
<msg time="2024-05-28T11:35:05.868437" level="INFO">Typing text 'Sanjay_stark' into text field 'css:input[placeholder="User"]'.</msg>
<arg>${username}</arg>
<arg>${user}</arg>
<doc>Types the given ``text`` into the text field identified by ``locator``.</doc>
<status status="PASS" start="2024-05-28T11:35:05.867441" elapsed="0.139757"/>
</kw>
<kw name="Input Password" owner="SeleniumLibrary">
<msg time="2024-05-28T11:35:06.008193" level="INFO">Typing password into text field 'css:input[placeholder="Password"]'.</msg>
<msg time="2024-05-28T11:35:06.070503" level="INFO">Temporally setting log level to: NONE</msg>
<arg>${password}</arg>
<arg>${pass}</arg>
<doc>Types the given password into the text field identified by ``locator``.</doc>
<status status="PASS" start="2024-05-28T11:35:06.007198" elapsed="0.149462"/>
</kw>
<arg>${username}</arg>
<arg>${password}</arg>
<status status="PASS" start="2024-05-28T11:35:05.867441" elapsed="0.289219"/>
</kw>
<kw name="click the login button" owner="LoginResource">
<kw name="Click Button" owner="SeleniumLibrary">
<msg time="2024-05-28T11:35:06.158660" level="INFO">Clicking button 'xpath://button[@class="btn d-flex justify-content-center align-items-center w-100 h-100 btn-primary btn-action-primary"]'.</msg>
<arg>${submit_btn}</arg>
<doc>Clicks the button identified by ``locator``.</doc>
<status status="PASS" start="2024-05-28T11:35:06.157661" elapsed="0.231304"/>
</kw>
<status status="PASS" start="2024-05-28T11:35:06.157661" elapsed="0.231304"/>
</kw>
<kw name="verify the login" owner="HomeResource">
<kw name="Element Text Should Be" owner="SeleniumLibrary">
<msg time="2024-05-28T11:35:06.391215" level="INFO">Verifying element 'xpath:(//div[@class="top-title"])[2]' contains exact text 'Cyclos'.</msg>
<arg>${verify_login}</arg>
<arg>Cyclos</arg>
<doc>Verifies that element ``locator`` contains exact the text ``expected``.</doc>
<status status="PASS" start="2024-05-28T11:35:06.390294" elapsed="0.124592"/>
</kw>
<status status="PASS" start="2024-05-28T11:35:06.390294" elapsed="0.124592"/>
</kw>
<arg>username=Sanjay_stark</arg>
<arg>password=Sanjay</arg>
<tag>Smoke</tag>
<status status="PASS" start="2024-05-28T11:35:00.672481" elapsed="5.842405"/>
</kw>
<kw name="Close Browser Session" owner="GenericResource" type="TEARDOWN">
<kw name="Close Browser" owner="SeleniumLibrary">
<doc>Closes the current browser.</doc>
<status status="PASS" start="2024-05-28T11:35:06.515887" elapsed="2.428893"/>
</kw>
<status status="PASS" start="2024-05-28T11:35:06.515887" elapsed="2.428893"/>
</kw>
<status status="PASS" start="2024-05-28T11:34:53.744548" elapsed="15.200232"/>
</test>
<doc>Test to Login Page</doc>
<status status="PASS" start="2024-05-28T11:34:37.991113" elapsed="30.954663"/>
</suite>
<status status="PASS" start="2024-05-28T11:34:37.988869" elapsed="30.958449"/>
</suite>
<status status="PASS" start="2024-05-28T11:34:37.968505" elapsed="30.979930"/>
</suite>
<statistics>
<total>
<stat pass="2" fail="0" skip="0">All Tests</stat>
</total>
<tag>
</tag>
<suite>
<stat pass="2" fail="0" skip="0" id="s1" name="PilotProject Cyclos Team1-1">PilotProject Cyclos Team1-1</stat>
<stat pass="2" fail="0" skip="0" id="s1-s1" name="TestCases">PilotProject Cyclos Team1-1.TestCases</stat>
<stat pass="2" fail="0" skip="0" id="s1-s1-s1" name="test validLogin">PilotProject Cyclos Team1-1.TestCases.test validLogin</stat>
</suite>
</statistics>
<errors>
<msg time="2024-05-28T11:34:53.744548" level="WARN">Multiple tests with name 'Valid Login Test case' executed in suite 'PilotProject Cyclos Team1-1.TestCases.test validLogin'.</msg>
</errors>
</robot>
